Local /home/liyichong/DRAG
Puzzles at /home/liyichong/DRAG/data/eterna_v2/
Log at /home/liyichong/DRAG/Design_Log/
Model parameters at /home/liyichong/DRAG/model_param/4_47/
Design for 100 structures of RNA.
Log in /home/liyichong/DRAG/Design_Log/design_2024_05_19_15_11_08/
Save solutions in /home/liyichong/DRAG/Design_Log/design_2024_05_19_15_11_08/done_log.csv
Best designs of RNAs in /home/liyichong/DRAG/Design_Log/design_2024_05_19_15_11_08/best_design/
++++++++++++++++++ Design ++++++++++++++++++
================== Episode 1 ==================
Save id batchs in /home/liyichong/DRAG/Design_Log/design_2024_05_19_15_11_08/id_batch_1_.txt
Set initial ids.
Maintain sloved puzzles.
------------------ Epoch 1 ------------------
72,65,77,67,66,59,52,71,33,79,62,35,83,
Load model from /home/liyichong/DRAG/model_param/4_47/
0
Init sequence with base 0 and pair 0.
Traceback (most recent call last):
  File "/home/liyichong/DRAG/design_epi.py", line 191, in <module>
    use_mp=use_mp
  File "/home/liyichong/DRAG/RL_lib/multi_environment.py", line 157, in __init__
    self.RNA_list = list(map(create_work, arg_list))
  File "/home/liyichong/DRAG/RL_lib/multi_environment.py", line 97, in create_env
    use_freeze=use_freeze
  File "/home/liyichong/DRAG/RL_lib/environment.py", line 77, in __init__
    self.max_size, self.pair_action_space)
  File "/home/liyichong/DRAG/utils/rna_lib.py", line 510, in simple_init_sequence_pair
    pair_base = base_pair_list[pair_order]
IndexError: list index out of range
================== Episode 2 ==================
Save id batchs in /home/liyichong/DRAG/Design_Log/design_2024_05_19_15_11_08/id_batch_2_.txt
Set initial ids.
Maintain sloved puzzles.
------------------ Epoch 1 ------------------
35,52,33,71,62,79,67,65,77,83,72,59,66,
Load model from /home/liyichong/DRAG/model_param/4_47/
Renew solutions.
slurmstepd-localhost: error: *** JOB 390 ON localhost CANCELLED AT 2024-05-19T15:11:17 ***
